GROUP,PACKAGE,CLASS,INSTRUCTION_MISSED,INSTRUCTION_COVERED,BRANCH_MISSED,BRANCH_COVERED,LINE_MISSED,LINE_COVERED,COMPLEXITY_MISSED,COMPLEXITY_COVERED,METHOD_MISSED,METHOD_COVERED
server,cloudbrain.windmill.utils,Md5Util,131,0,2,0,16,0,3,0,2,0
server,cloudbrain.windmill.utils,ConfReadUtils,19,0,0,0,4,0,2,0,2,0
server,cloudbrain.windmill.utils,AESUtil,83,0,0,0,21,0,3,0,3,0
server,cloudbrain.windmill,Server,182,0,4,0,41,0,12,0,10,0
server,cloudbrain.windmill.handler,WXCallbackHandler,271,0,8,0,56,0,9,0,5,0
server,cloudbrain.windmill.constant,UrlConstant,10,0,0,0,4,0,2,0,2,0
server,cloudbrain.windmill.constant,LoginConstant,3,0,0,0,1,0,1,0,1,0
server,cloudbrain.windmill.dao,UserDAO,60,0,0,0,17,0,2,0,2,0
